{"/home/lgustavopalmieri/Documents/store-api/src/app.module.ts": {"path":"/home/lgustavopalmieri/Documents/store-api/src/app.module.ts","statementMap":{"0":{"start":{"line":1,"column":0},"end":{"line":1,"column":40}},"1":{"start":{"line":2,"column":0},"end":{"line":2,"column":70}},"2":{"start":{"line":3,"column":0},"end":{"line":3,"column":59}},"3":{"start":{"line":4,"column":0},"end":{"line":4,"column":65}},"4":{"start":{"line":5,"column":0},"end":{"line":5,"column":33}},"5":{"start":{"line":6,"column":0},"end":{"line":6,"column":46}},"6":{"start":{"line":8,"column":15},"end":{"line":8,"column":26}},"7":{"start":{"line":10,"column":23},"end":{"line":21,"column":2}},"8":{"start":{"line":47,"column":0},"end":{"line":47,"column":null}},"9":{"start":{"line":47,"column":13},"end":{"line":47,"column":null}},"10":{"start":{"line":47,"column":13},"end":{"line":47,"column":22}}},"fnMap":{},"branchMap":{},"s":{"0":0,"1":0,"2":0,"3":0,"4":0,"5":0,"6":0,"7":0,"8":0,"9":0,"10":0},"f":{},"b":{}}
,"/home/lgustavopalmieri/Documents/store-api/src/main.ts": {"path":"/home/lgustavopalmieri/Documents/store-api/src/main.ts","statementMap":{"0":{"start":{"line":1,"column":0},"end":{"line":1,"column":43}},"1":{"start":{"line":2,"column":0},"end":{"line":2,"column":41}},"2":{"start":{"line":5,"column":22},"end":{"line":5,"column":47}},"3":{"start":{"line":8,"column":14},"end":{"line":8,"column":49}},"4":{"start":{"line":9,"column":15},"end":{"line":9,"column":39}},"5":{"start":{"line":10,"column":2},"end":{"line":10,"column":19}},"6":{"start":{"line":11,"column":2},"end":{"line":16,"column":31}},"7":{"start":{"line":17,"column":2},"end":{"line":17,"column":25}},"8":{"start":{"line":19,"column":0},"end":{"line":19,"column":12}}},"fnMap":{"0":{"name":"bootstrap","decl":{"start":{"line":7,"column":15},"end":{"line":7,"column":24}},"loc":{"start":{"line":7,"column":24},"end":{"line":18,"column":1}}}},"branchMap":{"0":{"loc":{"start":{"line":9,"column":15},"end":{"line":9,"column":39}},"type":"binary-expr","locations":[{"start":{"line":9,"column":15},"end":{"line":9,"column":31}},{"start":{"line":9,"column":35},"end":{"line":9,"column":39}}]}},"s":{"0":0,"1":0,"2":0,"3":0,"4":0,"5":0,"6":0,"7":0,"8":0},"f":{"0":0},"b":{"0":[0,0]}}
,"/home/lgustavopalmieri/Documents/store-api/src/common/test/TestUtil.ts": {"path":"/home/lgustavopalmieri/Documents/store-api/src/common/test/TestUtil.ts","statementMap":{"0":{"start":{"line":1,"column":0},"end":{"line":1,"column":71}},"1":{"start":{"line":5,"column":17},"end":{"line":5,"column":27}},"2":{"start":{"line":6,"column":4},"end":{"line":6,"column":35}},"3":{"start":{"line":7,"column":4},"end":{"line":7,"column":23}},"4":{"start":{"line":8,"column":4},"end":{"line":8,"column":16}},"5":{"start":{"line":9,"column":4},"end":{"line":9,"column":16}},"6":{"start":{"line":12,"column":17},"end":{"line":12,"column":27}},"7":{"start":{"line":13,"column":4},"end":{"line":13,"column":23}},"8":{"start":{"line":14,"column":4},"end":{"line":14,"column":35}},"9":{"start":{"line":15,"column":4},"end":{"line":15,"column":29}},"10":{"start":{"line":16,"column":4},"end":{"line":16,"column":31}},"11":{"start":{"line":17,"column":4},"end":{"line":17,"column":23}},"12":{"start":{"line":18,"column":4},"end":{"line":18,"column":32}},"13":{"start":{"line":19,"column":4},"end":{"line":19,"column":32}},"14":{"start":{"line":20,"column":4},"end":{"line":20,"column":16}},"15":{"start":{"line":3,"column":0},"end":{"line":3,"column":21}}},"fnMap":{"0":{"name":"(anonymous_0)","decl":{"start":{"line":4,"column":2},"end":{"line":4,"column":8}},"loc":{"start":{"line":4,"column":25},"end":{"line":10,"column":3}}},"1":{"name":"(anonymous_1)","decl":{"start":{"line":11,"column":2},"end":{"line":11,"column":8}},"loc":{"start":{"line":11,"column":25},"end":{"line":21,"column":3}}}},"branchMap":{},"s":{"0":1,"1":7,"2":7,"3":7,"4":7,"5":7,"6":2,"7":2,"8":2,"9":2,"10":2,"11":2,"12":2,"13":2,"14":2,"15":1},"f":{"0":7,"1":2},"b":{}}
,"/home/lgustavopalmieri/Documents/store-api/src/config/index.ts": {"path":"/home/lgustavopalmieri/Documents/store-api/src/config/index.ts","statementMap":{"0":{"start":{"line":11,"column":18},"end":{"line":20,"column":2}},"1":{"start":{"line":21,"column":0},"end":{"line":24,"column":2}},"2":{"start":{"line":22,"column":14},"end":{"line":22,"column":27}},"3":{"start":{"line":23,"column":2},"end":{"line":23,"column":52}}},"fnMap":{"0":{"name":"(anonymous_0)","decl":{"start":{"line":21,"column":15},"end":{"line":21,"column":27}},"loc":{"start":{"line":21,"column":29},"end":{"line":24,"column":1}}}},"branchMap":{"0":{"loc":{"start":{"line":23,"column":9},"end":{"line":23,"column":51}},"type":"binary-expr","locations":[{"start":{"line":23,"column":9},"end":{"line":23,"column":34}},{"start":{"line":23,"column":38},"end":{"line":23,"column":51}}]}},"s":{"0":0,"1":0,"2":0,"3":0},"f":{"0":0},"b":{"0":[0,0]}}
,"/home/lgustavopalmieri/Documents/store-api/src/constants/validation-pipe.constant.ts": {"path":"/home/lgustavopalmieri/Documents/store-api/src/constants/validation-pipe.constant.ts","statementMap":{"0":{"start":{"line":1,"column":0},"end":{"line":1,"column":67}},"1":{"start":{"line":3,"column":53},"end":{"line":6,"column":2}},"2":{"start":{"line":8,"column":0},"end":{"line":8,"column":37}}},"fnMap":{},"branchMap":{},"s":{"0":0,"1":0,"2":0},"f":{},"b":{}}
,"/home/lgustavopalmieri/Documents/store-api/src/database/migrations/1653850643386-users-table.ts": {"path":"/home/lgustavopalmieri/Documents/store-api/src/database/migrations/1653850643386-users-table.ts","statementMap":{"0":{"start":{"line":1,"column":0},"end":{"line":1,"column":65}},"1":{"start":{"line":5,"column":4},"end":{"line":61,"column":6}},"2":{"start":{"line":65,"column":4},"end":{"line":65,"column":41}},"3":{"start":{"line":3,"column":0},"end":{"line":3,"column":13}}},"fnMap":{"0":{"name":"(anonymous_0)","decl":{"start":{"line":4,"column":9},"end":{"line":4,"column":14}},"loc":{"start":{"line":4,"column":42},"end":{"line":62,"column":3}}},"1":{"name":"(anonymous_1)","decl":{"start":{"line":64,"column":9},"end":{"line":64,"column":14}},"loc":{"start":{"line":64,"column":44},"end":{"line":66,"column":3}}}},"branchMap":{},"s":{"0":0,"1":0,"2":0,"3":0},"f":{"0":0,"1":0},"b":{}}
,"/home/lgustavopalmieri/Documents/store-api/src/database/migrations/1660149179303-creates-reports-tables.ts": {"path":"/home/lgustavopalmieri/Documents/store-api/src/database/migrations/1660149179303-creates-reports-tables.ts","statementMap":{"0":{"start":{"line":1,"column":0},"end":{"line":1,"column":null}},"1":{"start":{"line":10,"column":4},"end":{"line":79,"column":6}},"2":{"start":{"line":80,"column":4},"end":{"line":87,"column":6}},"3":{"start":{"line":91,"column":4},"end":{"line":91,"column":43}},"4":{"start":{"line":8,"column":0},"end":{"line":8,"column":13}}},"fnMap":{"0":{"name":"(anonymous_0)","decl":{"start":{"line":9,"column":9},"end":{"line":9,"column":14}},"loc":{"start":{"line":9,"column":42},"end":{"line":88,"column":3}}},"1":{"name":"(anonymous_1)","decl":{"start":{"line":90,"column":9},"end":{"line":90,"column":14}},"loc":{"start":{"line":90,"column":44},"end":{"line":92,"column":3}}}},"branchMap":{},"s":{"0":0,"1":0,"2":0,"3":0,"4":0},"f":{"0":0,"1":0},"b":{}}
,"/home/lgustavopalmieri/Documents/store-api/src/guards/admin.guard.ts": {"path":"/home/lgustavopalmieri/Documents/store-api/src/guards/admin.guard.ts","statementMap":{"0":{"start":{"line":5,"column":20},"end":{"line":5,"column":55}},"1":{"start":{"line":6,"column":4},"end":{"line":8,"column":null}},"2":{"start":{"line":7,"column":6},"end":{"line":7,"column":19}},"3":{"start":{"line":9,"column":4},"end":{"line":9,"column":37}},"4":{"start":{"line":3,"column":0},"end":{"line":3,"column":13}}},"fnMap":{"0":{"name":"(anonymous_0)","decl":{"start":{"line":4,"column":2},"end":{"line":4,"column":13}},"loc":{"start":{"line":4,"column":39},"end":{"line":10,"column":3}}}},"branchMap":{"0":{"loc":{"start":{"line":6,"column":4},"end":{"line":8,"column":null}},"type":"if","locations":[{"start":{"line":6,"column":4},"end":{"line":8,"column":null}}]}},"s":{"0":0,"1":0,"2":0,"3":0,"4":0},"f":{"0":0},"b":{"0":[0]}}
,"/home/lgustavopalmieri/Documents/store-api/src/guards/auth.guard.ts": {"path":"/home/lgustavopalmieri/Documents/store-api/src/guards/auth.guard.ts","statementMap":{"0":{"start":{"line":5,"column":20},"end":{"line":5,"column":55}},"1":{"start":{"line":7,"column":4},"end":{"line":7,"column":34}},"2":{"start":{"line":3,"column":0},"end":{"line":3,"column":13}}},"fnMap":{"0":{"name":"(anonymous_0)","decl":{"start":{"line":4,"column":2},"end":{"line":4,"column":13}},"loc":{"start":{"line":4,"column":39},"end":{"line":8,"column":3}}}},"branchMap":{},"s":{"0":0,"1":0,"2":1},"f":{"0":0},"b":{}}
,"/home/lgustavopalmieri/Documents/store-api/src/interceptors/serialiaze.interceptor.ts": {"path":"/home/lgustavopalmieri/Documents/store-api/src/interceptors/serialiaze.interceptor.ts","statementMap":{"0":{"start":{"line":1,"column":0},"end":{"line":1,"column":null}},"1":{"start":{"line":8,"column":0},"end":{"line":8,"column":37}},"2":{"start":{"line":9,"column":0},"end":{"line":9,"column":52}},"3":{"start":{"line":16,"column":2},"end":{"line":16,"column":56}},"4":{"start":{"line":15,"column":0},"end":{"line":15,"column":16}},"5":{"start":{"line":20,"column":22},"end":{"line":20,"column":30}},"6":{"start":{"line":22,"column":4},"end":{"line":28,"column":6}},"7":{"start":{"line":24,"column":8},"end":{"line":26,"column":11}},"8":{"start":{"line":19,"column":0},"end":{"line":19,"column":13}}},"fnMap":{"0":{"name":"Serialize","decl":{"start":{"line":15,"column":16},"end":{"line":15,"column":25}},"loc":{"start":{"line":15,"column":46},"end":{"line":17,"column":1}}},"1":{"name":"(anonymous_1)","decl":{"start":{"line":20,"column":2},"end":{"line":20,"column":22}},"loc":{"start":{"line":20,"column":30},"end":{"line":20,"column":34}}},"2":{"name":"(anonymous_2)","decl":{"start":{"line":21,"column":2},"end":{"line":21,"column":11}},"loc":{"start":{"line":21,"column":59},"end":{"line":29,"column":3}}},"3":{"name":"(anonymous_3)","decl":{"start":{"line":23,"column":10},"end":{"line":23,"column":11}},"loc":{"start":{"line":23,"column":24},"end":{"line":27,"column":7}}}},"branchMap":{},"s":{"0":1,"1":1,"2":1,"3":1,"4":1,"5":1,"6":0,"7":0,"8":1},"f":{"0":1,"1":1,"2":0,"3":0},"b":{}}
,"/home/lgustavopalmieri/Documents/store-api/src/modules/reports/reports.controller.ts": {"path":"/home/lgustavopalmieri/Documents/store-api/src/modules/reports/reports.controller.ts","statementMap":{"0":{"start":{"line":1,"column":0},"end":{"line":1,"column":null}},"1":{"start":{"line":12,"column":0},"end":{"line":12,"column":51}},"2":{"start":{"line":13,"column":0},"end":{"line":13,"column":58}},"3":{"start":{"line":14,"column":0},"end":{"line":14,"column":58}},"4":{"start":{"line":15,"column":0},"end":{"line":15,"column":50}},"5":{"start":{"line":16,"column":0},"end":{"line":16,"column":73}},"6":{"start":{"line":17,"column":0},"end":{"line":17,"column":53}},"7":{"start":{"line":18,"column":0},"end":{"line":18,"column":68}},"8":{"start":{"line":19,"column":0},"end":{"line":19,"column":45}},"9":{"start":{"line":20,"column":0},"end":{"line":20,"column":60}},"10":{"start":{"line":21,"column":0},"end":{"line":21,"column":52}},"11":{"start":{"line":22,"column":0},"end":{"line":22,"column":55}},"12":{"start":{"line":23,"column":0},"end":{"line":23,"column":41}},"13":{"start":{"line":26,"column":0},"end":{"line":73,"column":null}},"14":{"start":{"line":27,"column":31},"end":{"line":27,"column":47}},"15":{"start":{"line":37,"column":4},"end":{"line":37,"column":68}},"16":{"start":{"line":46,"column":4},"end":{"line":46,"column":78}},"17":{"start":{"line":51,"column":4},"end":{"line":51,"column":53}},"18":{"start":{"line":56,"column":4},"end":{"line":56,"column":41}},"19":{"start":{"line":61,"column":4},"end":{"line":61,"column":44}},"20":{"start":{"line":66,"column":4},"end":{"line":66,"column":60}},"21":{"start":{"line":71,"column":4},"end":{"line":71,"column":43}},"22":{"start":{"line":32,"column":2},"end":{"line":38,"column":null}},"23":{"start":{"line":42,"column":2},"end":{"line":47,"column":null}},"24":{"start":{"line":50,"column":2},"end":{"line":52,"column":null}},"25":{"start":{"line":55,"column":2},"end":{"line":57,"column":null}},"26":{"start":{"line":60,"column":2},"end":{"line":62,"column":null}},"27":{"start":{"line":65,"column":2},"end":{"line":67,"column":null}},"28":{"start":{"line":70,"column":2},"end":{"line":72,"column":null}},"29":{"start":{"line":26,"column":13},"end":{"line":73,"column":null}},"30":{"start":{"line":26,"column":13},"end":{"line":26,"column":30}}},"fnMap":{"0":{"name":"(anonymous_4)","decl":{"start":{"line":27,"column":2},"end":{"line":27,"column":31}},"loc":{"start":{"line":27,"column":61},"end":{"line":27,"column":65}}},"1":{"name":"(anonymous_5)","decl":{"start":{"line":32,"column":2},"end":{"line":32,"column":8}},"loc":{"start":{"line":35,"column":18},"end":{"line":38,"column":3}}},"2":{"name":"(anonymous_6)","decl":{"start":{"line":42,"column":2},"end":{"line":42,"column":15}},"loc":{"start":{"line":44,"column":46},"end":{"line":47,"column":3}}},"3":{"name":"(anonymous_7)","decl":{"start":{"line":50,"column":2},"end":{"line":50,"column":13}},"loc":{"start":{"line":50,"column":43},"end":{"line":52,"column":3}}},"4":{"name":"(anonymous_8)","decl":{"start":{"line":55,"column":2},"end":{"line":55,"column":9}},"loc":{"start":{"line":55,"column":9},"end":{"line":57,"column":3}}},"5":{"name":"(anonymous_9)","decl":{"start":{"line":60,"column":2},"end":{"line":60,"column":9}},"loc":{"start":{"line":60,"column":33},"end":{"line":62,"column":3}}},"6":{"name":"(anonymous_10)","decl":{"start":{"line":65,"column":2},"end":{"line":65,"column":8}},"loc":{"start":{"line":65,"column":74},"end":{"line":67,"column":3}}},"7":{"name":"(anonymous_11)","decl":{"start":{"line":70,"column":2},"end":{"line":70,"column":8}},"loc":{"start":{"line":70,"column":32},"end":{"line":72,"column":3}}}},"branchMap":{},"s":{"0":0,"1":0,"2":0,"3":0,"4":0,"5":0,"6":0,"7":0,"8":0,"9":0,"10":0,"11":0,"12":0,"13":0,"14":0,"15":0,"16":0,"17":0,"18":0,"19":0,"20":0,"21":0,"22":0,"23":0,"24":0,"25":0,"26":0,"27":0,"28":0,"29":0,"30":0},"f":{"0":0,"1":0,"2":0,"3":0,"4":0,"5":0,"6":0,"7":0},"b":{}}
,"/home/lgustavopalmieri/Documents/store-api/src/modules/reports/reports.module.ts": {"path":"/home/lgustavopalmieri/Documents/store-api/src/modules/reports/reports.module.ts","statementMap":{"0":{"start":{"line":1,"column":0},"end":{"line":1,"column":40}},"1":{"start":{"line":2,"column":0},"end":{"line":2,"column":51}},"2":{"start":{"line":3,"column":0},"end":{"line":3,"column":57}},"3":{"start":{"line":4,"column":0},"end":{"line":4,"column":48}},"4":{"start":{"line":5,"column":0},"end":{"line":5,"column":50}},"5":{"start":{"line":6,"column":0},"end":{"line":6,"column":53}},"6":{"start":{"line":7,"column":0},"end":{"line":7,"column":54}},"7":{"start":{"line":15,"column":0},"end":{"line":15,"column":null}},"8":{"start":{"line":15,"column":13},"end":{"line":15,"column":null}},"9":{"start":{"line":15,"column":13},"end":{"line":15,"column":26}}},"fnMap":{},"branchMap":{},"s":{"0":0,"1":0,"2":0,"3":0,"4":0,"5":0,"6":0,"7":0,"8":0,"9":0},"f":{},"b":{}}
,"/home/lgustavopalmieri/Documents/store-api/src/modules/reports/reports.service.ts": {"path":"/home/lgustavopalmieri/Documents/store-api/src/modules/reports/reports.service.ts","statementMap":{"0":{"start":{"line":1,"column":0},"end":{"line":1,"column":63}},"1":{"start":{"line":2,"column":0},"end":{"line":2,"column":51}},"2":{"start":{"line":3,"column":0},"end":{"line":3,"column":37}},"3":{"start":{"line":7,"column":0},"end":{"line":7,"column":50}},"4":{"start":{"line":12,"column":0},"end":{"line":62,"column":null}},"5":{"start":{"line":14,"column":38},"end":{"line":14,"column":50}},"6":{"start":{"line":17,"column":4},"end":{"line":25,"column":20}},"7":{"start":{"line":29,"column":19},"end":{"line":33,"column":6}},"8":{"start":{"line":34,"column":4},"end":{"line":34,"column":23}},"9":{"start":{"line":35,"column":4},"end":{"line":35,"column":40}},"10":{"start":{"line":39,"column":19},"end":{"line":39,"column":52}},"11":{"start":{"line":40,"column":4},"end":{"line":42,"column":null}},"12":{"start":{"line":41,"column":6},"end":{"line":41,"column":54}},"13":{"start":{"line":43,"column":4},"end":{"line":43,"column":31}},"14":{"start":{"line":44,"column":4},"end":{"line":44,"column":40}},"15":{"start":{"line":48,"column":4},"end":{"line":48,"column":45}},"16":{"start":{"line":52,"column":4},"end":{"line":52,"column":49}},"17":{"start":{"line":56,"column":4},"end":{"line":56,"column":49}},"18":{"start":{"line":60,"column":4},"end":{"line":60,"column":49}},"19":{"start":{"line":12,"column":13},"end":{"line":62,"column":null}},"20":{"start":{"line":12,"column":13},"end":{"line":12,"column":27}}},"fnMap":{"0":{"name":"(anonymous_4)","decl":{"start":{"line":13,"column":2},"end":{"line":13,"column":null}},"loc":{"start":{"line":14,"column":68},"end":{"line":15,"column":6}}},"1":{"name":"(anonymous_5)","decl":{"start":{"line":16,"column":2},"end":{"line":16,"column":16}},"loc":{"start":{"line":16,"column":43},"end":{"line":26,"column":3}}},"2":{"name":"(anonymous_6)","decl":{"start":{"line":28,"column":2},"end":{"line":28,"column":7}},"loc":{"start":{"line":28,"column":75},"end":{"line":36,"column":3}}},"3":{"name":"(anonymous_7)","decl":{"start":{"line":38,"column":2},"end":{"line":38,"column":7}},"loc":{"start":{"line":38,"column":52},"end":{"line":45,"column":3}}},"4":{"name":"(anonymous_8)","decl":{"start":{"line":47,"column":2},"end":{"line":47,"column":9}},"loc":{"start":{"line":47,"column":9},"end":{"line":49,"column":3}}},"5":{"name":"(anonymous_9)","decl":{"start":{"line":51,"column":2},"end":{"line":51,"column":9}},"loc":{"start":{"line":51,"column":20},"end":{"line":53,"column":3}}},"6":{"name":"(anonymous_10)","decl":{"start":{"line":55,"column":2},"end":{"line":55,"column":8}},"loc":{"start":{"line":55,"column":53},"end":{"line":57,"column":3}}},"7":{"name":"(anonymous_11)","decl":{"start":{"line":59,"column":2},"end":{"line":59,"column":8}},"loc":{"start":{"line":59,"column":19},"end":{"line":61,"column":3}}}},"branchMap":{"0":{"loc":{"start":{"line":40,"column":4},"end":{"line":42,"column":null}},"type":"if","locations":[{"start":{"line":40,"column":4},"end":{"line":42,"column":null}}]}},"s":{"0":1,"1":1,"2":1,"3":1,"4":1,"5":0,"6":0,"7":0,"8":0,"9":0,"10":0,"11":0,"12":0,"13":0,"14":0,"15":0,"16":0,"17":0,"18":0,"19":1,"20":1},"f":{"0":0,"1":0,"2":0,"3":0,"4":0,"5":0,"6":0,"7":0},"b":{"0":[0]}}
,"/home/lgustavopalmieri/Documents/store-api/src/modules/reports/dto/approve-report.dto.ts": {"path":"/home/lgustavopalmieri/Documents/store-api/src/modules/reports/dto/approve-report.dto.ts","statementMap":{"0":{"start":{"line":1,"column":0},"end":{"line":1,"column":44}},"1":{"start":{"line":5,"column":2},"end":{"line":5,"column":null}},"2":{"start":{"line":3,"column":0},"end":{"line":3,"column":13}}},"fnMap":{},"branchMap":{},"s":{"0":0,"1":0,"2":0},"f":{},"b":{}}
,"/home/lgustavopalmieri/Documents/store-api/src/modules/reports/dto/create-report.dto.ts": {"path":"/home/lgustavopalmieri/Documents/store-api/src/modules/reports/dto/create-report.dto.ts","statementMap":{"0":{"start":{"line":1,"column":0},"end":{"line":1,"column":null}},"1":{"start":{"line":13,"column":2},"end":{"line":13,"column":null}},"2":{"start":{"line":16,"column":2},"end":{"line":16,"column":null}},"3":{"start":{"line":21,"column":2},"end":{"line":21,"column":null}},"4":{"start":{"line":26,"column":2},"end":{"line":26,"column":null}},"5":{"start":{"line":29,"column":2},"end":{"line":29,"column":null}},"6":{"start":{"line":32,"column":2},"end":{"line":32,"column":null}},"7":{"start":{"line":37,"column":2},"end":{"line":37,"column":null}},"8":{"start":{"line":11,"column":0},"end":{"line":11,"column":13}}},"fnMap":{},"branchMap":{},"s":{"0":0,"1":0,"2":0,"3":0,"4":0,"5":0,"6":0,"7":0,"8":0},"f":{},"b":{}}
,"/home/lgustavopalmieri/Documents/store-api/src/modules/reports/dto/get-estimate.dto.ts": {"path":"/home/lgustavopalmieri/Documents/store-api/src/modules/reports/dto/get-estimate.dto.ts","statementMap":{"0":{"start":{"line":1,"column":0},"end":{"line":1,"column":null}},"1":{"start":{"line":9,"column":0},"end":{"line":9,"column":46}},"2":{"start":{"line":13,"column":2},"end":{"line":13,"column":null}},"3":{"start":{"line":16,"column":2},"end":{"line":16,"column":null}},"4":{"start":{"line":22,"column":2},"end":{"line":22,"column":null}},"5":{"start":{"line":18,"column":28},"end":{"line":18,"column":43}},"6":{"start":{"line":28,"column":2},"end":{"line":28,"column":null}},"7":{"start":{"line":24,"column":28},"end":{"line":24,"column":43}},"8":{"start":{"line":32,"column":2},"end":{"line":32,"column":null}},"9":{"start":{"line":30,"column":28},"end":{"line":30,"column":45}},"10":{"start":{"line":36,"column":2},"end":{"line":36,"column":null}},"11":{"start":{"line":34,"column":28},"end":{"line":34,"column":45}},"12":{"start":{"line":11,"column":0},"end":{"line":11,"column":13}}},"fnMap":{"0":{"name":"(anonymous_2)","decl":{"start":{"line":18,"column":13},"end":{"line":18,"column":14}},"loc":{"start":{"line":18,"column":28},"end":{"line":18,"column":43}}},"1":{"name":"(anonymous_3)","decl":{"start":{"line":24,"column":13},"end":{"line":24,"column":14}},"loc":{"start":{"line":24,"column":28},"end":{"line":24,"column":43}}},"2":{"name":"(anonymous_4)","decl":{"start":{"line":30,"column":13},"end":{"line":30,"column":14}},"loc":{"start":{"line":30,"column":28},"end":{"line":30,"column":45}}},"3":{"name":"(anonymous_5)","decl":{"start":{"line":34,"column":13},"end":{"line":34,"column":14}},"loc":{"start":{"line":34,"column":28},"end":{"line":34,"column":45}}}},"branchMap":{},"s":{"0":0,"1":0,"2":0,"3":0,"4":0,"5":0,"6":0,"7":0,"8":0,"9":0,"10":0,"11":0,"12":0},"f":{"0":0,"1":0,"2":0,"3":0},"b":{}}
,"/home/lgustavopalmieri/Documents/store-api/src/modules/reports/dto/report.dto.ts": {"path":"/home/lgustavopalmieri/Documents/store-api/src/modules/reports/dto/report.dto.ts","statementMap":{"0":{"start":{"line":1,"column":0},"end":{"line":1,"column":54}},"1":{"start":{"line":5,"column":2},"end":{"line":5,"column":null}},"2":{"start":{"line":8,"column":2},"end":{"line":8,"column":null}},"3":{"start":{"line":11,"column":2},"end":{"line":11,"column":null}},"4":{"start":{"line":14,"column":2},"end":{"line":14,"column":null}},"5":{"start":{"line":17,"column":2},"end":{"line":17,"column":null}},"6":{"start":{"line":21,"column":2},"end":{"line":21,"column":null}},"7":{"start":{"line":24,"column":2},"end":{"line":24,"column":null}},"8":{"start":{"line":27,"column":2},"end":{"line":27,"column":null}},"9":{"start":{"line":31,"column":2},"end":{"line":31,"column":null}},"10":{"start":{"line":29,"column":26},"end":{"line":29,"column":55}},"11":{"start":{"line":3,"column":0},"end":{"line":3,"column":13}}},"fnMap":{"0":{"name":"(anonymous_2)","decl":{"start":{"line":29,"column":13},"end":{"line":29,"column":14}},"loc":{"start":{"line":29,"column":26},"end":{"line":29,"column":55}}}},"branchMap":{},"s":{"0":0,"1":0,"2":0,"3":0,"4":0,"5":0,"6":0,"7":0,"8":0,"9":0,"10":0,"11":0},"f":{"0":0},"b":{}}
,"/home/lgustavopalmieri/Documents/store-api/src/modules/reports/dto/test.dto.ts": {"path":"/home/lgustavopalmieri/Documents/store-api/src/modules/reports/dto/test.dto.ts","statementMap":{"0":{"start":{"line":1,"column":0},"end":{"line":1,"column":43}},"1":{"start":{"line":5,"column":2},"end":{"line":5,"column":null}},"2":{"start":{"line":8,"column":2},"end":{"line":8,"column":null}},"3":{"start":{"line":3,"column":0},"end":{"line":3,"column":13}}},"fnMap":{},"branchMap":{},"s":{"0":0,"1":0,"2":0,"3":0},"f":{},"b":{}}
,"/home/lgustavopalmieri/Documents/store-api/src/modules/reports/dto/update-report.dto.ts": {"path":"/home/lgustavopalmieri/Documents/store-api/src/modules/reports/dto/update-report.dto.ts","statementMap":{"0":{"start":{"line":1,"column":0},"end":{"line":1,"column":51}},"1":{"start":{"line":2,"column":0},"end":{"line":2,"column":54}},"2":{"start":{"line":4,"column":0},"end":{"line":4,"column":13}}},"fnMap":{},"branchMap":{},"s":{"0":0,"1":0,"2":0},"f":{},"b":{}}
,"/home/lgustavopalmieri/Documents/store-api/src/modules/reports/entities/report.entity.ts": {"path":"/home/lgustavopalmieri/Documents/store-api/src/modules/reports/entities/report.entity.ts","statementMap":{"0":{"start":{"line":1,"column":0},"end":{"line":1,"column":null}},"1":{"start":{"line":11,"column":0},"end":{"line":11,"column":56}},"2":{"start":{"line":14,"column":0},"end":{"line":51,"column":null}},"3":{"start":{"line":16,"column":2},"end":{"line":16,"column":null}},"4":{"start":{"line":19,"column":2},"end":{"line":19,"column":null}},"5":{"start":{"line":22,"column":2},"end":{"line":22,"column":null}},"6":{"start":{"line":25,"column":2},"end":{"line":25,"column":null}},"7":{"start":{"line":28,"column":2},"end":{"line":28,"column":null}},"8":{"start":{"line":31,"column":2},"end":{"line":31,"column":null}},"9":{"start":{"line":34,"column":2},"end":{"line":34,"column":null}},"10":{"start":{"line":37,"column":2},"end":{"line":37,"column":null}},"11":{"start":{"line":41,"column":2},"end":{"line":41,"column":null}},"12":{"start":{"line":39,"column":19},"end":{"line":39,"column":23}},"13":{"start":{"line":39,"column":35},"end":{"line":39,"column":47}},"14":{"start":{"line":44,"column":2},"end":{"line":44,"column":null}},"15":{"start":{"line":47,"column":2},"end":{"line":47,"column":null}},"16":{"start":{"line":50,"column":2},"end":{"line":50,"column":null}},"17":{"start":{"line":14,"column":13},"end":{"line":51,"column":null}},"18":{"start":{"line":14,"column":13},"end":{"line":14,"column":19}}},"fnMap":{"0":{"name":"(anonymous_2)","decl":{"start":{"line":39,"column":13},"end":{"line":39,"column":16}},"loc":{"start":{"line":39,"column":19},"end":{"line":39,"column":23}}},"1":{"name":"(anonymous_3)","decl":{"start":{"line":39,"column":25},"end":{"line":39,"column":26}},"loc":{"start":{"line":39,"column":35},"end":{"line":39,"column":47}}}},"branchMap":{},"s":{"0":4,"1":4,"2":4,"3":4,"4":4,"5":4,"6":4,"7":4,"8":4,"9":4,"10":4,"11":4,"12":0,"13":0,"14":4,"15":4,"16":4,"17":4,"18":4},"f":{"0":0,"1":0},"b":{}}
,"/home/lgustavopalmieri/Documents/store-api/src/modules/users/auth.service.ts": {"path":"/home/lgustavopalmieri/Documents/store-api/src/modules/users/auth.service.ts","statementMap":{"0":{"start":{"line":1,"column":0},"end":{"line":1,"column":null}},"1":{"start":{"line":6,"column":0},"end":{"line":6,"column":47}},"2":{"start":{"line":7,"column":0},"end":{"line":7,"column":56}},"3":{"start":{"line":8,"column":0},"end":{"line":8,"column":33}},"4":{"start":{"line":11,"column":15},"end":{"line":11,"column":33}},"5":{"start":{"line":14,"column":0},"end":{"line":47,"column":null}},"6":{"start":{"line":15,"column":22},"end":{"line":15,"column":36}},"7":{"start":{"line":18,"column":18},"end":{"line":18,"column":74}},"8":{"start":{"line":19,"column":4},"end":{"line":21,"column":null}},"9":{"start":{"line":20,"column":6},"end":{"line":20,"column":52}},"10":{"start":{"line":23,"column":17},"end":{"line":23,"column":47}},"11":{"start":{"line":24,"column":18},"end":{"line":24,"column":64}},"12":{"start":{"line":25,"column":19},"end":{"line":25,"column":52}},"13":{"start":{"line":26,"column":17},"end":{"line":29,"column":6}},"14":{"start":{"line":31,"column":4},"end":{"line":31,"column":16}},"15":{"start":{"line":35,"column":19},"end":{"line":35,"column":75}},"16":{"start":{"line":36,"column":4},"end":{"line":38,"column":null}},"17":{"start":{"line":37,"column":6},"end":{"line":37,"column":53}},"18":{"start":{"line":39,"column":31},"end":{"line":39,"column":55}},"19":{"start":{"line":40,"column":18},"end":{"line":40,"column":64}},"20":{"start":{"line":41,"column":4},"end":{"line":45,"column":null}},"21":{"start":{"line":42,"column":6},"end":{"line":42,"column":71}},"22":{"start":{"line":44,"column":6},"end":{"line":44,"column":18}},"23":{"start":{"line":14,"column":13},"end":{"line":47,"column":null}},"24":{"start":{"line":14,"column":13},"end":{"line":14,"column":24}}},"fnMap":{"0":{"name":"(anonymous_2)","decl":{"start":{"line":15,"column":2},"end":{"line":15,"column":22}},"loc":{"start":{"line":15,"column":48},"end":{"line":15,"column":52}}},"1":{"name":"(anonymous_3)","decl":{"start":{"line":17,"column":2},"end":{"line":17,"column":7}},"loc":{"start":{"line":17,"column":43},"end":{"line":32,"column":3}}},"2":{"name":"(anonymous_4)","decl":{"start":{"line":34,"column":2},"end":{"line":34,"column":7}},"loc":{"start":{"line":34,"column":43},"end":{"line":46,"column":3}}}},"branchMap":{"0":{"loc":{"start":{"line":19,"column":4},"end":{"line":21,"column":null}},"type":"if","locations":[{"start":{"line":19,"column":4},"end":{"line":21,"column":null}}]},"1":{"loc":{"start":{"line":36,"column":4},"end":{"line":38,"column":null}},"type":"if","locations":[{"start":{"line":36,"column":4},"end":{"line":38,"column":null}}]},"2":{"loc":{"start":{"line":41,"column":4},"end":{"line":45,"column":null}},"type":"if","locations":[{"start":{"line":41,"column":4},"end":{"line":45,"column":null}},{"start":{"line":43,"column":11},"end":{"line":45,"column":null}}]}},"s":{"0":2,"1":2,"2":2,"3":2,"4":2,"5":2,"6":6,"7":5,"8":5,"9":1,"10":4,"11":4,"12":4,"13":4,"14":4,"15":3,"16":3,"17":1,"18":2,"19":2,"20":2,"21":0,"22":2,"23":2,"24":2},"f":{"0":6,"1":5,"2":3},"b":{"0":[1],"1":[1],"2":[0,2]}}
,"/home/lgustavopalmieri/Documents/store-api/src/modules/users/users.controller.ts": {"path":"/home/lgustavopalmieri/Documents/store-api/src/modules/users/users.controller.ts","statementMap":{"0":{"start":{"line":1,"column":0},"end":{"line":1,"column":null}},"1":{"start":{"line":17,"column":0},"end":{"line":17,"column":47}},"2":{"start":{"line":18,"column":0},"end":{"line":18,"column":54}},"3":{"start":{"line":19,"column":0},"end":{"line":19,"column":54}},"4":{"start":{"line":20,"column":0},"end":{"line":20,"column":70}},"5":{"start":{"line":21,"column":0},"end":{"line":21,"column":41}},"6":{"start":{"line":22,"column":0},"end":{"line":22,"column":45}},"7":{"start":{"line":23,"column":0},"end":{"line":23,"column":66}},"8":{"start":{"line":24,"column":0},"end":{"line":24,"column":46}},"9":{"start":{"line":25,"column":0},"end":{"line":25,"column":52}},"10":{"start":{"line":29,"column":0},"end":{"line":105,"column":null}},"11":{"start":{"line":31,"column":21},"end":{"line":31,"column":35}},"12":{"start":{"line":32,"column":12},"end":{"line":32,"column":25}},"13":{"start":{"line":38,"column":4},"end":{"line":38,"column":16}},"14":{"start":{"line":44,"column":4},"end":{"line":44,"column":26}},"15":{"start":{"line":52,"column":17},"end":{"line":52,"column":61}},"16":{"start":{"line":53,"column":4},"end":{"line":53,"column":29}},"17":{"start":{"line":54,"column":4},"end":{"line":54,"column":16}},"18":{"start":{"line":58,"column":17},"end":{"line":58,"column":61}},"19":{"start":{"line":59,"column":4},"end":{"line":59,"column":29}},"20":{"start":{"line":60,"column":4},"end":{"line":60,"column":16}},"21":{"start":{"line":65,"column":4},"end":{"line":65,"column":42}},"22":{"start":{"line":71,"column":4},"end":{"line":71,"column":23}},"23":{"start":{"line":72,"column":4},"end":{"line":72,"column":44}},"24":{"start":{"line":77,"column":4},"end":{"line":77,"column":48}},"25":{"start":{"line":83,"column":4},"end":{"line":83,"column":42}},"26":{"start":{"line":89,"column":4},"end":{"line":89,"column":56}},"27":{"start":{"line":96,"column":4},"end":{"line":96,"column":41}},"28":{"start":{"line":103,"column":4},"end":{"line":103,"column":42}},"29":{"start":{"line":37,"column":2},"end":{"line":39,"column":null}},"30":{"start":{"line":43,"column":2},"end":{"line":45,"column":null}},"31":{"start":{"line":48,"column":2},"end":{"line":55,"column":null}},"32":{"start":{"line":57,"column":2},"end":{"line":61,"column":null}},"33":{"start":{"line":64,"column":2},"end":{"line":66,"column":null}},"34":{"start":{"line":70,"column":2},"end":{"line":73,"column":null}},"35":{"start":{"line":76,"column":2},"end":{"line":78,"column":null}},"36":{"start":{"line":82,"column":2},"end":{"line":84,"column":null}},"37":{"start":{"line":88,"column":2},"end":{"line":90,"column":null}},"38":{"start":{"line":95,"column":2},"end":{"line":97,"column":null}},"39":{"start":{"line":102,"column":2},"end":{"line":104,"column":null}},"40":{"start":{"line":29,"column":13},"end":{"line":105,"column":null}},"41":{"start":{"line":29,"column":13},"end":{"line":29,"column":28}}},"fnMap":{"0":{"name":"(anonymous_4)","decl":{"start":{"line":30,"column":2},"end":{"line":30,"column":null}},"loc":{"start":{"line":32,"column":36},"end":{"line":33,"column":6}}},"1":{"name":"(anonymous_5)","decl":{"start":{"line":37,"column":2},"end":{"line":37,"column":8}},"loc":{"start":{"line":37,"column":34},"end":{"line":39,"column":3}}},"2":{"name":"(anonymous_6)","decl":{"start":{"line":43,"column":2},"end":{"line":43,"column":9}},"loc":{"start":{"line":43,"column":33},"end":{"line":45,"column":3}}},"3":{"name":"(anonymous_7)","decl":{"start":{"line":48,"column":2},"end":{"line":48,"column":7}},"loc":{"start":{"line":50,"column":27},"end":{"line":55,"column":3}}},"4":{"name":"(anonymous_8)","decl":{"start":{"line":57,"column":2},"end":{"line":57,"column":7}},"loc":{"start":{"line":57,"column":76},"end":{"line":61,"column":3}}},"5":{"name":"(anonymous_9)","decl":{"start":{"line":64,"column":2},"end":{"line":64,"column":12}},"loc":{"start":{"line":64,"column":12},"end":{"line":66,"column":3}}},"6":{"name":"(anonymous_10)","decl":{"start":{"line":70,"column":2},"end":{"line":70,"column":9}},"loc":{"start":{"line":70,"column":33},"end":{"line":73,"column":3}}},"7":{"name":"(anonymous_11)","decl":{"start":{"line":76,"column":2},"end":{"line":76,"column":13}},"loc":{"start":{"line":76,"column":43},"end":{"line":78,"column":3}}},"8":{"name":"(anonymous_12)","decl":{"start":{"line":82,"column":2},"end":{"line":82,"column":9}},"loc":{"start":{"line":82,"column":33},"end":{"line":84,"column":3}}},"9":{"name":"(anonymous_13)","decl":{"start":{"line":88,"column":2},"end":{"line":88,"column":8}},"loc":{"start":{"line":88,"column":70},"end":{"line":90,"column":3}}},"10":{"name":"(anonymous_14)","decl":{"start":{"line":95,"column":2},"end":{"line":95,"column":8}},"loc":{"start":{"line":95,"column":32},"end":{"line":97,"column":3}}},"11":{"name":"(anonymous_15)","decl":{"start":{"line":102,"column":2},"end":{"line":102,"column":9}},"loc":{"start":{"line":102,"column":33},"end":{"line":104,"column":3}}}},"branchMap":{},"s":{"0":1,"1":1,"2":1,"3":1,"4":1,"5":1,"6":1,"7":1,"8":1,"9":1,"10":1,"11":1,"12":1,"13":0,"14":0,"15":0,"16":0,"17":0,"18":0,"19":0,"20":0,"21":0,"22":0,"23":0,"24":0,"25":0,"26":0,"27":0,"28":0,"29":1,"30":1,"31":1,"32":1,"33":1,"34":1,"35":1,"36":1,"37":1,"38":1,"39":1,"40":1,"41":1},"f":{"0":1,"1":0,"2":0,"3":0,"4":0,"5":0,"6":0,"7":0,"8":0,"9":0,"10":0,"11":0},"b":{}}
,"/home/lgustavopalmieri/Documents/store-api/src/modules/users/users.module.ts": {"path":"/home/lgustavopalmieri/Documents/store-api/src/modules/users/users.module.ts","statementMap":{"0":{"start":{"line":1,"column":0},"end":{"line":1,"column":60}},"1":{"start":{"line":2,"column":0},"end":{"line":2,"column":47}},"2":{"start":{"line":3,"column":0},"end":{"line":3,"column":53}},"3":{"start":{"line":4,"column":0},"end":{"line":4,"column":48}},"4":{"start":{"line":5,"column":0},"end":{"line":5,"column":46}},"5":{"start":{"line":6,"column":0},"end":{"line":6,"column":45}},"6":{"start":{"line":7,"column":0},"end":{"line":7,"column":59}},"7":{"start":{"line":8,"column":0},"end":{"line":8,"column":78}},"8":{"start":{"line":16,"column":0},"end":{"line":20,"column":null}},"9":{"start":{"line":18,"column":4},"end":{"line":18,"column":57}},"10":{"start":{"line":16,"column":13},"end":{"line":20,"column":null}},"11":{"start":{"line":16,"column":13},"end":{"line":16,"column":24}}},"fnMap":{"0":{"name":"(anonymous_1)","decl":{"start":{"line":17,"column":2},"end":{"line":17,"column":11}},"loc":{"start":{"line":17,"column":40},"end":{"line":19,"column":3}}}},"branchMap":{},"s":{"0":0,"1":0,"2":0,"3":0,"4":0,"5":0,"6":0,"7":0,"8":0,"9":0,"10":0,"11":0},"f":{"0":0},"b":{}}
,"/home/lgustavopalmieri/Documents/store-api/src/modules/users/users.service.ts": {"path":"/home/lgustavopalmieri/Documents/store-api/src/modules/users/users.service.ts","statementMap":{"0":{"start":{"line":1,"column":0},"end":{"line":1,"column":null}},"1":{"start":{"line":7,"column":0},"end":{"line":7,"column":51}},"2":{"start":{"line":8,"column":0},"end":{"line":8,"column":37}},"3":{"start":{"line":11,"column":0},"end":{"line":11,"column":46}},"4":{"start":{"line":13,"column":0},"end":{"line":13,"column":56}},"5":{"start":{"line":14,"column":0},"end":{"line":14,"column":33}},"6":{"start":{"line":16,"column":15},"end":{"line":16,"column":33}},"7":{"start":{"line":19,"column":0},"end":{"line":176,"column":null}},"8":{"start":{"line":22,"column":21},"end":{"line":22,"column":37}},"9":{"start":{"line":26,"column":17},"end":{"line":31,"column":6}},"10":{"start":{"line":33,"column":21},"end":{"line":33,"column":57}},"11":{"start":{"line":35,"column":4},"end":{"line":39,"column":null}},"12":{"start":{"line":36,"column":6},"end":{"line":38,"column":8}},"13":{"start":{"line":41,"column":4},"end":{"line":41,"column":20}},"14":{"start":{"line":46,"column":22},"end":{"line":46,"column":69}},"15":{"start":{"line":47,"column":4},"end":{"line":47,"column":21}},"16":{"start":{"line":51,"column":18},"end":{"line":54,"column":6}},"17":{"start":{"line":55,"column":4},"end":{"line":58,"column":7}},"18":{"start":{"line":62,"column":4},"end":{"line":64,"column":7}},"19":{"start":{"line":68,"column":4},"end":{"line":70,"column":null}},"20":{"start":{"line":69,"column":6},"end":{"line":69,"column":18}},"21":{"start":{"line":71,"column":4},"end":{"line":71,"column":43}},"22":{"start":{"line":75,"column":20},"end":{"line":77,"column":6}},"23":{"start":{"line":79,"column":4},"end":{"line":84,"column":null}},"24":{"start":{"line":80,"column":6},"end":{"line":83,"column":9}},"25":{"start":{"line":86,"column":4},"end":{"line":86,"column":19}},"26":{"start":{"line":121,"column":17},"end":{"line":121,"column":54}},"27":{"start":{"line":122,"column":4},"end":{"line":124,"column":null}},"28":{"start":{"line":123,"column":6},"end":{"line":123,"column":53}},"29":{"start":{"line":125,"column":4},"end":{"line":129,"column":7}},"30":{"start":{"line":133,"column":17},"end":{"line":133,"column":54}},"31":{"start":{"line":134,"column":4},"end":{"line":136,"column":null}},"32":{"start":{"line":135,"column":6},"end":{"line":135,"column":53}},"33":{"start":{"line":137,"column":31},"end":{"line":137,"column":55}},"34":{"start":{"line":138,"column":18},"end":{"line":138,"column":64}},"35":{"start":{"line":139,"column":4},"end":{"line":155,"column":null}},"36":{"start":{"line":140,"column":6},"end":{"line":140,"column":73}},"37":{"start":{"line":142,"column":22},"end":{"line":142,"column":52}},"38":{"start":{"line":143,"column":23},"end":{"line":146,"column":null}},"39":{"start":{"line":148,"column":21},"end":{"line":148,"column":60}},"40":{"start":{"line":149,"column":6},"end":{"line":154,"column":9}},"41":{"start":{"line":159,"column":22},"end":{"line":159,"column":44}},"42":{"start":{"line":160,"column":4},"end":{"line":160,"column":53}},"43":{"start":{"line":164,"column":22},"end":{"line":164,"column":44}},"44":{"start":{"line":165,"column":20},"end":{"line":165,"column":63}},"45":{"start":{"line":166,"column":4},"end":{"line":168,"column":null}},"46":{"start":{"line":167,"column":6},"end":{"line":167,"column":18}},"47":{"start":{"line":169,"column":4},"end":{"line":169,"column":17}},"48":{"start":{"line":173,"column":22},"end":{"line":173,"column":44}},"49":{"start":{"line":174,"column":4},"end":{"line":174,"column":50}},"50":{"start":{"line":19,"column":13},"end":{"line":176,"column":null}},"51":{"start":{"line":19,"column":13},"end":{"line":19,"column":25}}},"fnMap":{"0":{"name":"(anonymous_4)","decl":{"start":{"line":20,"column":2},"end":{"line":20,"column":null}},"loc":{"start":{"line":22,"column":53},"end":{"line":23,"column":6}}},"1":{"name":"(anonymous_5)","decl":{"start":{"line":25,"column":2},"end":{"line":25,"column":7}},"loc":{"start":{"line":25,"column":51},"end":{"line":43,"column":3}}},"2":{"name":"(anonymous_6)","decl":{"start":{"line":45,"column":2},"end":{"line":45,"column":7}},"loc":{"start":{"line":45,"column":18},"end":{"line":48,"column":3}}},"3":{"name":"(anonymous_7)","decl":{"start":{"line":50,"column":2},"end":{"line":50,"column":7}},"loc":{"start":{"line":50,"column":30},"end":{"line":59,"column":3}}},"4":{"name":"(anonymous_8)","decl":{"start":{"line":61,"column":2},"end":{"line":61,"column":13}},"loc":{"start":{"line":61,"column":27},"end":{"line":65,"column":3}}},"5":{"name":"(anonymous_9)","decl":{"start":{"line":67,"column":2},"end":{"line":67,"column":7}},"loc":{"start":{"line":67,"column":35},"end":{"line":72,"column":3}}},"6":{"name":"(anonymous_10)","decl":{"start":{"line":74,"column":2},"end":{"line":74,"column":7}},"loc":{"start":{"line":74,"column":26},"end":{"line":87,"column":3}}},"7":{"name":"(anonymous_11)","decl":{"start":{"line":120,"column":2},"end":{"line":120,"column":7}},"loc":{"start":{"line":120,"column":59},"end":{"line":130,"column":3}}},"8":{"name":"(anonymous_12)","decl":{"start":{"line":132,"column":2},"end":{"line":132,"column":7}},"loc":{"start":{"line":132,"column":55},"end":{"line":156,"column":3}}},"9":{"name":"(anonymous_13)","decl":{"start":{"line":158,"column":2},"end":{"line":158,"column":7}},"loc":{"start":{"line":158,"column":25},"end":{"line":161,"column":3}}},"10":{"name":"(anonymous_14)","decl":{"start":{"line":163,"column":2},"end":{"line":163,"column":7}},"loc":{"start":{"line":163,"column":25},"end":{"line":170,"column":3}}},"11":{"name":"(anonymous_15)","decl":{"start":{"line":172,"column":2},"end":{"line":172,"column":7}},"loc":{"start":{"line":172,"column":26},"end":{"line":175,"column":3}}}},"branchMap":{"0":{"loc":{"start":{"line":35,"column":4},"end":{"line":39,"column":null}},"type":"if","locations":[{"start":{"line":35,"column":4},"end":{"line":39,"column":null}}]},"1":{"loc":{"start":{"line":52,"column":10},"end":{"line":52,"column":48}},"type":"cond-expr","locations":[{"start":{"line":52,"column":23},"end":{"line":52,"column":43}},{"start":{"line":52,"column":46},"end":{"line":52,"column":48}}]},"2":{"loc":{"start":{"line":53,"column":10},"end":{"line":53,"column":51}},"type":"cond-expr","locations":[{"start":{"line":53,"column":24},"end":{"line":53,"column":46}},{"start":{"line":53,"column":49},"end":{"line":53,"column":51}}]},"3":{"loc":{"start":{"line":68,"column":4},"end":{"line":70,"column":null}},"type":"if","locations":[{"start":{"line":68,"column":4},"end":{"line":70,"column":null}}]},"4":{"loc":{"start":{"line":79,"column":4},"end":{"line":84,"column":null}},"type":"if","locations":[{"start":{"line":79,"column":4},"end":{"line":84,"column":null}}]},"5":{"loc":{"start":{"line":122,"column":4},"end":{"line":124,"column":null}},"type":"if","locations":[{"start":{"line":122,"column":4},"end":{"line":124,"column":null}}]},"6":{"loc":{"start":{"line":134,"column":4},"end":{"line":136,"column":null}},"type":"if","locations":[{"start":{"line":134,"column":4},"end":{"line":136,"column":null}}]},"7":{"loc":{"start":{"line":139,"column":4},"end":{"line":155,"column":null}},"type":"if","locations":[{"start":{"line":139,"column":4},"end":{"line":155,"column":null}},{"start":{"line":141,"column":11},"end":{"line":155,"column":null}}]},"8":{"loc":{"start":{"line":166,"column":4},"end":{"line":168,"column":null}},"type":"if","locations":[{"start":{"line":166,"column":4},"end":{"line":168,"column":null}}]}},"s":{"0":3,"1":3,"2":3,"3":3,"4":3,"5":3,"6":3,"7":3,"8":1,"9":2,"10":2,"11":2,"12":1,"13":1,"14":0,"15":0,"16":3,"17":3,"18":0,"19":0,"20":0,"21":0,"22":4,"23":4,"24":1,"25":3,"26":1,"27":1,"28":0,"29":1,"30":0,"31":0,"32":0,"33":0,"34":0,"35":0,"36":0,"37":0,"38":0,"39":0,"40":0,"41":0,"42":0,"43":2,"44":2,"45":2,"46":1,"47":1,"48":0,"49":0,"50":3,"51":3},"f":{"0":1,"1":2,"2":0,"3":3,"4":0,"5":0,"6":4,"7":1,"8":0,"9":0,"10":2,"11":0},"b":{"0":[1],"1":[2,1],"2":[0,3],"3":[0],"4":[1],"5":[0],"6":[0],"7":[0,0],"8":[1]}}
,"/home/lgustavopalmieri/Documents/store-api/src/modules/users/decorators/current-user.decoratos.ts": {"path":"/home/lgustavopalmieri/Documents/store-api/src/modules/users/decorators/current-user.decoratos.ts","statementMap":{"0":{"start":{"line":1,"column":0},"end":{"line":1,"column":72}},"1":{"start":{"line":3,"column":13},"end":{"line":8,"column":2}},"2":{"start":{"line":5,"column":20},"end":{"line":5,"column":55}},"3":{"start":{"line":6,"column":4},"end":{"line":6,"column":31}}},"fnMap":{"0":{"name":"(anonymous_0)","decl":{"start":{"line":4,"column":2},"end":{"line":4,"column":3}},"loc":{"start":{"line":4,"column":45},"end":{"line":7,"column":3}}}},"branchMap":{},"s":{"0":1,"1":1,"2":0,"3":0},"f":{"0":0},"b":{}}
,"/home/lgustavopalmieri/Documents/store-api/src/modules/users/dto/create-user.dto.ts": {"path":"/home/lgustavopalmieri/Documents/store-api/src/modules/users/dto/create-user.dto.ts","statementMap":{"0":{"start":{"line":1,"column":0},"end":{"line":1,"column":null}},"1":{"start":{"line":14,"column":2},"end":{"line":14,"column":null}},"2":{"start":{"line":20,"column":2},"end":{"line":20,"column":null}},"3":{"start":{"line":26,"column":2},"end":{"line":26,"column":null}},"4":{"start":{"line":30,"column":2},"end":{"line":30,"column":null}},"5":{"start":{"line":33,"column":2},"end":{"line":33,"column":null}},"6":{"start":{"line":9,"column":0},"end":{"line":9,"column":13}}},"fnMap":{},"branchMap":{},"s":{"0":1,"1":1,"2":1,"3":1,"4":1,"5":1,"6":1},"f":{},"b":{}}
,"/home/lgustavopalmieri/Documents/store-api/src/modules/users/dto/signin.dto.ts": {"path":"/home/lgustavopalmieri/Documents/store-api/src/modules/users/dto/signin.dto.ts","statementMap":{"0":{"start":{"line":1,"column":0},"end":{"line":1,"column":52}},"1":{"start":{"line":5,"column":2},"end":{"line":5,"column":null}},"2":{"start":{"line":8,"column":2},"end":{"line":8,"column":null}},"3":{"start":{"line":3,"column":0},"end":{"line":3,"column":13}}},"fnMap":{},"branchMap":{},"s":{"0":0,"1":0,"2":0,"3":0},"f":{},"b":{}}
,"/home/lgustavopalmieri/Documents/store-api/src/modules/users/dto/update-user.dto.ts": {"path":"/home/lgustavopalmieri/Documents/store-api/src/modules/users/dto/update-user.dto.ts","statementMap":{"0":{"start":{"line":1,"column":0},"end":{"line":1,"column":51}},"1":{"start":{"line":2,"column":0},"end":{"line":2,"column":50}},"2":{"start":{"line":4,"column":0},"end":{"line":4,"column":13}}},"fnMap":{},"branchMap":{},"s":{"0":1,"1":1,"2":1},"f":{},"b":{}}
,"/home/lgustavopalmieri/Documents/store-api/src/modules/users/dto/user.dto.ts": {"path":"/home/lgustavopalmieri/Documents/store-api/src/modules/users/dto/user.dto.ts","statementMap":{"0":{"start":{"line":1,"column":0},"end":{"line":1,"column":52}},"1":{"start":{"line":2,"column":0},"end":{"line":2,"column":74}},"2":{"start":{"line":7,"column":2},"end":{"line":7,"column":null}},"3":{"start":{"line":12,"column":2},"end":{"line":12,"column":null}},"4":{"start":{"line":17,"column":2},"end":{"line":17,"column":null}},"5":{"start":{"line":4,"column":0},"end":{"line":4,"column":13}}},"fnMap":{},"branchMap":{},"s":{"0":1,"1":1,"2":1,"3":1,"4":1,"5":1},"f":{},"b":{}}
,"/home/lgustavopalmieri/Documents/store-api/src/modules/users/entities/user.entity.ts": {"path":"/home/lgustavopalmieri/Documents/store-api/src/modules/users/entities/user.entity.ts","statementMap":{"0":{"start":{"line":1,"column":0},"end":{"line":1,"column":null}},"1":{"start":{"line":10,"column":0},"end":{"line":10,"column":62}},"2":{"start":{"line":13,"column":0},"end":{"line":66,"column":null}},"3":{"start":{"line":15,"column":2},"end":{"line":15,"column":null}},"4":{"start":{"line":22,"column":2},"end":{"line":22,"column":null}},"5":{"start":{"line":31,"column":2},"end":{"line":31,"column":null}},"6":{"start":{"line":38,"column":2},"end":{"line":38,"column":null}},"7":{"start":{"line":44,"column":2},"end":{"line":44,"column":null}},"8":{"start":{"line":50,"column":2},"end":{"line":50,"column":null}},"9":{"start":{"line":56,"column":2},"end":{"line":56,"column":null}},"10":{"start":{"line":52,"column":19},"end":{"line":52,"column":25}},"11":{"start":{"line":52,"column":39},"end":{"line":52,"column":50}},"12":{"start":{"line":59,"column":2},"end":{"line":59,"column":null}},"13":{"start":{"line":62,"column":2},"end":{"line":62,"column":null}},"14":{"start":{"line":65,"column":2},"end":{"line":65,"column":null}},"15":{"start":{"line":13,"column":13},"end":{"line":66,"column":null}},"16":{"start":{"line":13,"column":13},"end":{"line":13,"column":17}}},"fnMap":{"0":{"name":"(anonymous_2)","decl":{"start":{"line":52,"column":13},"end":{"line":52,"column":16}},"loc":{"start":{"line":52,"column":19},"end":{"line":52,"column":25}}},"1":{"name":"(anonymous_3)","decl":{"start":{"line":52,"column":27},"end":{"line":52,"column":28}},"loc":{"start":{"line":52,"column":39},"end":{"line":52,"column":50}}}},"branchMap":{},"s":{"0":4,"1":4,"2":4,"3":4,"4":4,"5":4,"6":4,"7":4,"8":4,"9":4,"10":0,"11":0,"12":4,"13":4,"14":4,"15":4,"16":4},"f":{"0":0,"1":0},"b":{}}
,"/home/lgustavopalmieri/Documents/store-api/src/modules/users/interceptors/current-user.interceptor.ts": {"path":"/home/lgustavopalmieri/Documents/store-api/src/modules/users/interceptors/current-user.interceptor.ts","statementMap":{"0":{"start":{"line":1,"column":0},"end":{"line":1,"column":null}},"1":{"start":{"line":8,"column":0},"end":{"line":8,"column":48}},"2":{"start":{"line":11,"column":0},"end":{"line":24,"column":null}},"3":{"start":{"line":12,"column":22},"end":{"line":12,"column":36}},"4":{"start":{"line":15,"column":20},"end":{"line":15,"column":55}},"5":{"start":{"line":16,"column":23},"end":{"line":16,"column":44}},"6":{"start":{"line":18,"column":4},"end":{"line":21,"column":null}},"7":{"start":{"line":19,"column":19},"end":{"line":19,"column":67}},"8":{"start":{"line":20,"column":6},"end":{"line":20,"column":33}},"9":{"start":{"line":22,"column":4},"end":{"line":22,"column":28}},"10":{"start":{"line":11,"column":13},"end":{"line":24,"column":null}},"11":{"start":{"line":11,"column":13},"end":{"line":11,"column":35}}},"fnMap":{"0":{"name":"(anonymous_2)","decl":{"start":{"line":12,"column":2},"end":{"line":12,"column":22}},"loc":{"start":{"line":12,"column":48},"end":{"line":12,"column":52}}},"1":{"name":"(anonymous_3)","decl":{"start":{"line":14,"column":2},"end":{"line":14,"column":7}},"loc":{"start":{"line":14,"column":65},"end":{"line":23,"column":3}}}},"branchMap":{"0":{"loc":{"start":{"line":16,"column":23},"end":{"line":16,"column":44}},"type":"binary-expr","locations":[{"start":{"line":16,"column":23},"end":{"line":16,"column":38}},{"start":{"line":16,"column":42},"end":{"line":16,"column":44}}]},"1":{"loc":{"start":{"line":18,"column":4},"end":{"line":21,"column":null}},"type":"if","locations":[{"start":{"line":18,"column":4},"end":{"line":21,"column":null}}]}},"s":{"0":0,"1":0,"2":0,"3":0,"4":0,"5":0,"6":0,"7":0,"8":0,"9":0,"10":0,"11":0},"f":{"0":0,"1":0},"b":{"0":[0,0],"1":[0]}}
,"/home/lgustavopalmieri/Documents/store-api/src/modules/users/middlewares/current-user.middleware.ts": {"path":"/home/lgustavopalmieri/Documents/store-api/src/modules/users/middlewares/current-user.middleware.ts","statementMap":{"0":{"start":{"line":1,"column":0},"end":{"line":1,"column":60}},"1":{"start":{"line":3,"column":0},"end":{"line":3,"column":48}},"2":{"start":{"line":16,"column":0},"end":{"line":29,"column":null}},"3":{"start":{"line":17,"column":22},"end":{"line":17,"column":36}},"4":{"start":{"line":19,"column":23},"end":{"line":19,"column":40}},"5":{"start":{"line":21,"column":4},"end":{"line":26,"column":null}},"6":{"start":{"line":22,"column":19},"end":{"line":22,"column":58}},"7":{"start":{"line":25,"column":6},"end":{"line":25,"column":29}},"8":{"start":{"line":27,"column":4},"end":{"line":27,"column":11}},"9":{"start":{"line":16,"column":13},"end":{"line":29,"column":null}},"10":{"start":{"line":16,"column":13},"end":{"line":16,"column":34}}},"fnMap":{"0":{"name":"(anonymous_2)","decl":{"start":{"line":17,"column":2},"end":{"line":17,"column":22}},"loc":{"start":{"line":17,"column":48},"end":{"line":17,"column":52}}},"1":{"name":"(anonymous_3)","decl":{"start":{"line":18,"column":2},"end":{"line":18,"column":7}},"loc":{"start":{"line":18,"column":59},"end":{"line":28,"column":3}}}},"branchMap":{"0":{"loc":{"start":{"line":19,"column":23},"end":{"line":19,"column":40}},"type":"binary-expr","locations":[{"start":{"line":19,"column":23},"end":{"line":19,"column":34}},{"start":{"line":19,"column":38},"end":{"line":19,"column":40}}]},"1":{"loc":{"start":{"line":21,"column":4},"end":{"line":26,"column":null}},"type":"if","locations":[{"start":{"line":21,"column":4},"end":{"line":26,"column":null}}]}},"s":{"0":0,"1":0,"2":0,"3":0,"4":0,"5":0,"6":0,"7":0,"8":0,"9":0,"10":0},"f":{"0":0,"1":0},"b":{"0":[0,0],"1":[0]}}
}
