TN:
SF:src/app.module.ts
FNF:0
FNH:0
DA:1,0
DA:2,0
DA:3,0
DA:4,0
DA:5,0
DA:6,0
DA:8,0
DA:10,0
DA:47,0
LF:9
LH:0
BRF:0
BRH:0
end_of_record
TN:
SF:src/main.ts
FN:7,bootstrap
FNF:1
FNH:0
FNDA:0,bootstrap
DA:1,0
DA:2,0
DA:5,0
DA:8,0
DA:9,0
DA:10,0
DA:11,0
DA:17,0
DA:19,0
LF:9
LH:0
BRDA:9,0,0,0
BRDA:9,0,1,0
BRF:2
BRH:0
end_of_record
TN:
SF:src/common/test/TestUtil.ts
FN:4,(anonymous_0)
FN:11,(anonymous_1)
FNF:2
FNH:2
FNDA:7,(anonymous_0)
FNDA:2,(anonymous_1)
DA:1,1
DA:3,1
DA:5,7
DA:6,7
DA:7,7
DA:8,7
DA:9,7
DA:12,2
DA:13,2
DA:14,2
DA:15,2
DA:16,2
DA:17,2
DA:18,2
DA:19,2
DA:20,2
LF:16
LH:16
BRF:0
BRH:0
end_of_record
TN:
SF:src/config/index.ts
FN:21,(anonymous_0)
FNF:1
FNH:0
FNDA:0,(anonymous_0)
DA:11,0
DA:21,0
DA:22,0
DA:23,0
LF:4
LH:0
BRDA:23,0,0,0
BRDA:23,0,1,0
BRF:2
BRH:0
end_of_record
TN:
SF:src/constants/validation-pipe.constant.ts
FNF:0
FNH:0
DA:1,0
DA:3,0
DA:8,0
LF:3
LH:0
BRF:0
BRH:0
end_of_record
TN:
SF:src/database/migrations/1653850643386-users-table.ts
FN:4,(anonymous_0)
FN:64,(anonymous_1)
FNF:2
FNH:0
FNDA:0,(anonymous_0)
FNDA:0,(anonymous_1)
DA:1,0
DA:3,0
DA:5,0
DA:65,0
LF:4
LH:0
BRF:0
BRH:0
end_of_record
TN:
SF:src/database/migrations/1660149179303-creates-reports-tables.ts
FN:9,(anonymous_0)
FN:90,(anonymous_1)
FNF:2
FNH:0
FNDA:0,(anonymous_0)
FNDA:0,(anonymous_1)
DA:1,0
DA:8,0
DA:10,0
DA:80,0
DA:91,0
LF:5
LH:0
BRF:0
BRH:0
end_of_record
TN:
SF:src/guards/admin.guard.ts
FN:4,(anonymous_0)
FNF:1
FNH:0
FNDA:0,(anonymous_0)
DA:3,0
DA:5,0
DA:6,0
DA:7,0
DA:9,0
LF:5
LH:0
BRDA:6,0,0,0
BRF:1
BRH:0
end_of_record
TN:
SF:src/guards/auth.guard.ts
FN:4,(anonymous_0)
FNF:1
FNH:0
FNDA:0,(anonymous_0)
DA:3,1
DA:5,0
DA:7,0
LF:3
LH:1
BRF:0
BRH:0
end_of_record
TN:
SF:src/interceptors/serialiaze.interceptor.ts
FN:15,Serialize
FN:20,(anonymous_1)
FN:21,(anonymous_2)
FN:23,(anonymous_3)
FNF:4
FNH:2
FNDA:1,Serialize
FNDA:1,(anonymous_1)
FNDA:0,(anonymous_2)
FNDA:0,(anonymous_3)
DA:1,1
DA:8,1
DA:9,1
DA:15,1
DA:16,1
DA:19,1
DA:20,1
DA:22,0
DA:24,0
LF:9
LH:7
BRF:0
BRH:0
end_of_record
TN:
SF:src/modules/reports/reports.controller.ts
FN:27,(anonymous_4)
FN:32,(anonymous_5)
FN:42,(anonymous_6)
FN:50,(anonymous_7)
FN:55,(anonymous_8)
FN:60,(anonymous_9)
FN:65,(anonymous_10)
FN:70,(anonymous_11)
FNF:8
FNH:0
FNDA:0,(anonymous_4)
FNDA:0,(anonymous_5)
FNDA:0,(anonymous_6)
FNDA:0,(anonymous_7)
FNDA:0,(anonymous_8)
FNDA:0,(anonymous_9)
FNDA:0,(anonymous_10)
FNDA:0,(anonymous_11)
DA:1,0
DA:12,0
DA:13,0
DA:14,0
DA:15,0
DA:16,0
DA:17,0
DA:18,0
DA:19,0
DA:20,0
DA:21,0
DA:22,0
DA:23,0
DA:26,0
DA:27,0
DA:29,0
DA:37,0
DA:40,0
DA:46,0
DA:49,0
DA:51,0
DA:54,0
DA:56,0
DA:59,0
DA:61,0
DA:64,0
DA:66,0
DA:69,0
DA:71,0
LF:29
LH:0
BRF:0
BRH:0
end_of_record
TN:
SF:src/modules/reports/reports.module.ts
FNF:0
FNH:0
DA:1,0
DA:2,0
DA:3,0
DA:4,0
DA:5,0
DA:6,0
DA:7,0
DA:15,0
LF:8
LH:0
BRF:0
BRH:0
end_of_record
TN:
SF:src/modules/reports/reports.service.ts
FN:13,(anonymous_4)
FN:16,(anonymous_5)
FN:28,(anonymous_6)
FN:38,(anonymous_7)
FN:47,(anonymous_8)
FN:51,(anonymous_9)
FN:55,(anonymous_10)
FN:59,(anonymous_11)
FNF:8
FNH:0
FNDA:0,(anonymous_4)
FNDA:0,(anonymous_5)
FNDA:0,(anonymous_6)
FNDA:0,(anonymous_7)
FNDA:0,(anonymous_8)
FNDA:0,(anonymous_9)
FNDA:0,(anonymous_10)
FNDA:0,(anonymous_11)
DA:1,0
DA:2,0
DA:3,0
DA:7,0
DA:12,0
DA:14,0
DA:17,0
DA:29,0
DA:34,0
DA:35,0
DA:39,0
DA:40,0
DA:41,0
DA:43,0
DA:44,0
DA:48,0
DA:52,0
DA:56,0
DA:60,0
LF:19
LH:0
BRDA:40,0,0,0
BRF:1
BRH:0
end_of_record
TN:
SF:src/modules/reports/dto/approve-report.dto.ts
FNF:0
FNH:0
DA:1,0
DA:3,0
DA:4,0
LF:3
LH:0
BRF:0
BRH:0
end_of_record
TN:
SF:src/modules/reports/dto/create-report.dto.ts
FNF:0
FNH:0
DA:1,0
DA:11,0
DA:12,0
DA:15,0
DA:18,0
DA:23,0
DA:28,0
DA:31,0
DA:34,0
LF:9
LH:0
BRF:0
BRH:0
end_of_record
TN:
SF:src/modules/reports/dto/get-estimate.dto.ts
FN:18,(anonymous_2)
FN:24,(anonymous_3)
FN:30,(anonymous_4)
FN:34,(anonymous_5)
FNF:4
FNH:0
FNDA:0,(anonymous_2)
FNDA:0,(anonymous_3)
FNDA:0,(anonymous_4)
FNDA:0,(anonymous_5)
DA:1,0
DA:9,0
DA:11,0
DA:12,0
DA:15,0
DA:18,0
DA:24,0
DA:30,0
DA:34,0
LF:9
LH:0
BRF:0
BRH:0
end_of_record
TN:
SF:src/modules/reports/dto/report.dto.ts
FN:29,(anonymous_2)
FNF:1
FNH:0
FNDA:0,(anonymous_2)
DA:1,0
DA:3,0
DA:4,0
DA:7,0
DA:10,0
DA:13,0
DA:16,0
DA:20,0
DA:23,0
DA:26,0
DA:29,0
LF:11
LH:0
BRF:0
BRH:0
end_of_record
TN:
SF:src/modules/reports/dto/test.dto.ts
FNF:0
FNH:0
DA:1,0
DA:3,0
DA:4,0
DA:7,0
LF:4
LH:0
BRF:0
BRH:0
end_of_record
TN:
SF:src/modules/reports/dto/update-report.dto.ts
FNF:0
FNH:0
DA:1,0
DA:2,0
DA:4,0
LF:3
LH:0
BRF:0
BRH:0
end_of_record
TN:
SF:src/modules/reports/entities/report.entity.ts
FN:39,(anonymous_2)
FN:39,(anonymous_3)
FNF:2
FNH:0
FNDA:0,(anonymous_2)
FNDA:0,(anonymous_3)
DA:1,3
DA:11,3
DA:14,3
DA:15,3
DA:18,3
DA:21,3
DA:24,3
DA:27,3
DA:30,3
DA:33,3
DA:36,3
DA:39,3
DA:43,3
DA:46,3
DA:49,3
LF:15
LH:15
BRF:0
BRH:0
end_of_record
TN:
SF:src/modules/users/auth.service.ts
FN:15,(anonymous_2)
FN:17,(anonymous_3)
FN:34,(anonymous_4)
FNF:3
FNH:3
FNDA:6,(anonymous_2)
FNDA:5,(anonymous_3)
FNDA:3,(anonymous_4)
DA:1,2
DA:6,2
DA:7,2
DA:8,2
DA:11,2
DA:14,2
DA:15,6
DA:18,5
DA:19,5
DA:20,1
DA:23,4
DA:24,4
DA:25,4
DA:26,4
DA:31,4
DA:35,3
DA:36,3
DA:37,1
DA:39,2
DA:40,2
DA:41,2
DA:42,0
DA:44,2
LF:23
LH:22
BRDA:19,0,0,1
BRDA:36,1,0,1
BRDA:41,2,0,0
BRDA:41,2,1,2
BRF:4
BRH:3
end_of_record
TN:
SF:src/modules/users/users.controller.ts
FN:30,(anonymous_4)
FN:37,(anonymous_5)
FN:43,(anonymous_6)
FN:48,(anonymous_7)
FN:57,(anonymous_8)
FN:64,(anonymous_9)
FN:70,(anonymous_10)
FN:76,(anonymous_11)
FN:82,(anonymous_12)
FN:88,(anonymous_13)
FN:95,(anonymous_14)
FN:102,(anonymous_15)
FNF:12
FNH:1
FNDA:1,(anonymous_4)
FNDA:0,(anonymous_5)
FNDA:0,(anonymous_6)
FNDA:0,(anonymous_7)
FNDA:0,(anonymous_8)
FNDA:0,(anonymous_9)
FNDA:0,(anonymous_10)
FNDA:0,(anonymous_11)
FNDA:0,(anonymous_12)
FNDA:0,(anonymous_13)
FNDA:0,(anonymous_14)
FNDA:0,(anonymous_15)
DA:1,1
DA:17,1
DA:18,1
DA:19,1
DA:20,1
DA:21,1
DA:22,1
DA:23,1
DA:24,1
DA:25,1
DA:29,1
DA:31,1
DA:32,1
DA:35,1
DA:38,0
DA:41,1
DA:44,0
DA:48,1
DA:52,0
DA:53,0
DA:54,0
DA:57,1
DA:58,0
DA:59,0
DA:60,0
DA:63,1
DA:65,0
DA:68,1
DA:71,0
DA:72,0
DA:75,1
DA:77,0
DA:80,1
DA:83,0
DA:86,1
DA:89,0
DA:92,1
DA:96,0
DA:99,1
DA:103,0
LF:40
LH:24
BRF:0
BRH:0
end_of_record
TN:
SF:src/modules/users/users.module.ts
FN:17,(anonymous_1)
FNF:1
FNH:0
FNDA:0,(anonymous_1)
DA:1,0
DA:2,0
DA:3,0
DA:4,0
DA:5,0
DA:6,0
DA:7,0
DA:8,0
DA:16,0
DA:18,0
LF:10
LH:0
BRF:0
BRH:0
end_of_record
TN:
SF:src/modules/users/users.service.ts
FN:20,(anonymous_4)
FN:25,(anonymous_5)
FN:45,(anonymous_6)
FN:50,(anonymous_7)
FN:61,(anonymous_8)
FN:67,(anonymous_9)
FN:74,(anonymous_10)
FN:120,(anonymous_11)
FN:132,(anonymous_12)
FN:158,(anonymous_13)
FN:163,(anonymous_14)
FN:172,(anonymous_15)
FNF:12
FNH:6
FNDA:1,(anonymous_4)
FNDA:2,(anonymous_5)
FNDA:0,(anonymous_6)
FNDA:3,(anonymous_7)
FNDA:0,(anonymous_8)
FNDA:0,(anonymous_9)
FNDA:4,(anonymous_10)
FNDA:1,(anonymous_11)
FNDA:0,(anonymous_12)
FNDA:0,(anonymous_13)
FNDA:2,(anonymous_14)
FNDA:0,(anonymous_15)
DA:1,3
DA:7,3
DA:8,3
DA:11,3
DA:13,3
DA:14,3
DA:16,3
DA:19,3
DA:22,1
DA:26,2
DA:33,2
DA:35,2
DA:36,1
DA:41,1
DA:46,0
DA:47,0
DA:51,3
DA:55,3
DA:62,0
DA:68,0
DA:69,0
DA:71,0
DA:75,4
DA:79,4
DA:80,1
DA:86,3
DA:121,1
DA:122,1
DA:123,0
DA:125,1
DA:133,0
DA:134,0
DA:135,0
DA:137,0
DA:138,0
DA:139,0
DA:140,0
DA:142,0
DA:143,0
DA:148,0
DA:149,0
DA:159,0
DA:160,0
DA:164,2
DA:165,2
DA:166,2
DA:167,1
DA:169,1
DA:173,0
DA:174,0
LF:50
LH:28
BRDA:35,0,0,1
BRDA:52,1,0,2
BRDA:52,1,1,1
BRDA:53,2,0,0
BRDA:53,2,1,3
BRDA:68,3,0,0
BRDA:79,4,0,1
BRDA:122,5,0,0
BRDA:134,6,0,0
BRDA:139,7,0,0
BRDA:139,7,1,0
BRDA:166,8,0,1
BRF:12
BRH:6
end_of_record
TN:
SF:src/modules/users/decorators/current-user.decoratos.ts
FN:4,(anonymous_0)
FNF:1
FNH:0
FNDA:0,(anonymous_0)
DA:1,1
DA:3,1
DA:5,0
DA:6,0
LF:4
LH:2
BRF:0
BRH:0
end_of_record
TN:
SF:src/modules/users/dto/create-user.dto.ts
FNF:0
FNH:0
DA:1,1
DA:9,1
DA:10,1
DA:16,1
DA:22,1
DA:28,1
DA:32,1
LF:7
LH:7
BRF:0
BRH:0
end_of_record
TN:
SF:src/modules/users/dto/signin.dto.ts
FNF:0
FNH:0
DA:1,0
DA:3,0
DA:4,0
DA:7,0
LF:4
LH:0
BRF:0
BRH:0
end_of_record
TN:
SF:src/modules/users/dto/update-user.dto.ts
FNF:0
FNH:0
DA:1,1
DA:2,1
DA:4,1
LF:3
LH:3
BRF:0
BRH:0
end_of_record
TN:
SF:src/modules/users/dto/user.dto.ts
FNF:0
FNH:0
DA:1,1
DA:2,1
DA:4,1
DA:5,1
DA:9,1
DA:14,1
LF:6
LH:6
BRF:0
BRH:0
end_of_record
TN:
SF:src/modules/users/entities/user.entity.ts
FN:52,(anonymous_2)
FN:52,(anonymous_3)
FNF:2
FNH:0
FNDA:0,(anonymous_2)
FNDA:0,(anonymous_3)
DA:1,3
DA:10,3
DA:13,3
DA:14,3
DA:17,3
DA:26,3
DA:33,3
DA:40,3
DA:46,3
DA:52,3
DA:58,3
DA:61,3
DA:64,3
LF:13
LH:13
BRF:0
BRH:0
end_of_record
TN:
SF:src/modules/users/interceptors/current-user.interceptor.ts
FN:12,(anonymous_2)
FN:14,(anonymous_3)
FNF:2
FNH:0
FNDA:0,(anonymous_2)
FNDA:0,(anonymous_3)
DA:1,0
DA:8,0
DA:11,0
DA:12,0
DA:15,0
DA:16,0
DA:18,0
DA:19,0
DA:20,0
DA:22,0
LF:10
LH:0
BRDA:16,0,0,0
BRDA:16,0,1,0
BRDA:18,1,0,0
BRF:3
BRH:0
end_of_record
TN:
SF:src/modules/users/middlewares/current-user.middleware.ts
FN:17,(anonymous_2)
FN:18,(anonymous_3)
FNF:2
FNH:0
FNDA:0,(anonymous_2)
FNDA:0,(anonymous_3)
DA:1,0
DA:3,0
DA:16,0
DA:17,0
DA:19,0
DA:21,0
DA:22,0
DA:25,0
DA:27,0
LF:9
LH:0
BRDA:19,0,0,0
BRDA:19,0,1,0
BRDA:21,1,0,0
BRF:3
BRH:0
end_of_record
